<?xml version="1.0" encoding="UTF-8"?>
<!-- Generated by org.testng.reporters.JUnitReportReporter -->
<testsuite hostname="DESKTOP-OQN0L00" failures="0" tests="4" name="Library_API.LibraryTesting" time="5.571" errors="0" timestamp="2026-04-20T00:40:51 SGT" skipped="0">
  <testcase classname="Library_API.LibraryTesting" name="addBook" time="0.367"/>
  <testcase classname="Library_API.LibraryTesting" name="addBook" time="0.410"/>
  <testcase classname="Library_API.LibraryTesting" name="addBook" time="0.396"/>
  <testcase classname="Library_API.LibraryTesting" name="addBook" time="4.398"/>
</testsuite> <!-- Library_API.LibraryTesting -->
