<?xml version="1.0" encoding="UTF-8"?>
<!-- Generated by org.testng.reporters.JUnitReportReporter -->
<testsuite hostname="21HW172208" failures="0" tests="4" name="mapTesting.MapAPI" time="7.864" errors="0" timestamp="2026-04-20T17:55:52 MYT" skipped="0">
  <testcase classname="mapTesting.MapAPI" name="addPlace" time="2.718"/>
  <testcase classname="mapTesting.MapAPI" name="updatePlace" time="2.953"/>
  <testcase classname="mapTesting.MapAPI" name="getPlace" time="2.006"/>
  <testcase classname="mapTesting.MapAPI" name="complexJsonParse" time="0.187"/>
</testsuite> <!-- mapTesting.MapAPI -->
