<?xml version="1.0" encoding="UTF-8"?>
<!-- Generated by org.testng.reporters.JUnitReportReporter -->
<testsuite hostname="DESKTOP-OQN0L00" failures="0" tests="2" name="authenticationTesting.OAuthValidation" time="6.097" errors="0" timestamp="2026-04-20T01:52:42 SGT" skipped="0">
  <testcase classname="authenticationTesting.OAuthValidation" name="getToken" time="5.213"/>
  <testcase classname="authenticationTesting.OAuthValidation" name="getCourseDetails" time="0.884"/>
</testsuite> <!-- authenticationTesting.OAuthValidation -->
