<?xml version="1.0" encoding="UTF-8"?>
<!-- Generated by org.testng.reporters.JUnitReportReporter -->
<testsuite hostname="21HW172208" failures="0" tests="4" name="mapTesting.specBuilder" time="7.994" errors="0" timestamp="2026-04-20T18:01:53 MYT" skipped="0">
  <testcase classname="mapTesting.specBuilder" name="complexJsonParse" time="1.293"/>
  <testcase classname="mapTesting.specBuilder" name="addPlace" time="1.576"/>
  <testcase classname="mapTesting.specBuilder" name="updatePlace" time="2.988"/>
  <testcase classname="mapTesting.specBuilder" name="getPlace" time="2.137"/>
</testsuite> <!-- mapTesting.specBuilder -->
