<?xml version="1.0" encoding="UTF-8"?>
<!-- Generated by org.testng.reporters.JUnitReportReporter -->
<testsuite hostname="DESKTOP-OQN0L00" failures="0" tests="3" name="jiraAPITest.JiraAPITest" time="7.015" errors="0" timestamp="2026-04-19T23:31:11 SGT" skipped="0">
  <testcase classname="jiraAPITest.JiraAPITest" name="createBug" time="5.016"/>
  <testcase classname="jiraAPITest.JiraAPITest" name="addAttachment" time="1.561"/>
  <testcase classname="jiraAPITest.JiraAPITest" name="getIssue" time="0.438"/>
</testsuite> <!-- jiraAPITest.JiraAPITest -->
