<?xml version="1.0" encoding="UTF-8"?>
<!-- Generated by org.testng.reporters.JUnitReportReporter -->
<testsuite hostname="DESKTOP-OQN0L00" failures="0" tests="8" name="Library_API.LibraryTesting" time="5.964" errors="0" timestamp="2026-04-18T22:31:01 SGT" skipped="0">
  <testcase classname="Library_API.LibraryTesting" name="addBook" time="0.307"/>
  <testcase classname="Library_API.LibraryTesting" name="addBook" time="0.346"/>
  <testcase classname="Library_API.LibraryTesting" name="addBook" time="3.804"/>
  <testcase classname="Library_API.LibraryTesting" name="addBook" time="0.313"/>
  <testcase classname="Library_API.LibraryTesting" name="deleteBook" time="0.294"/>
  <testcase classname="Library_API.LibraryTesting" name="deleteBook" time="0.290"/>
  <testcase classname="Library_API.LibraryTesting" name="deleteBook" time="0.291"/>
  <testcase classname="Library_API.LibraryTesting" name="deleteBook" time="0.319"/>
</testsuite> <!-- Library_API.LibraryTesting -->
