<?xml version="1.0" encoding="UTF-8"?>
<testng-results ignored="0" total="3" passed="3" failed="0" skipped="0">
  <reporter-output>
  </reporter-output>
  <suite started-at="2026-04-17T17:22:59 MYT" name="Default suite" finished-at="2026-04-17T17:23:07 MYT" duration-ms="8535">
    <groups>
    </groups>
    <test started-at="2026-04-17T17:22:59 MYT" name="Default test" finished-at="2026-04-17T17:23:07 MYT" duration-ms="8535">
      <class name="mapTesting.MapAPI">
        <test-method signature="addPlace()[pri:1, instance:mapTesting.MapAPI@29215f06]" started-at="2026-04-17T17:22:59 MYT" name="addPlace" finished-at="2026-04-17T17:23:02 MYT" duration-ms="2895" status="PASS">
          <reporter-output>
          </reporter-output>
        </test-method> <!-- addPlace -->
        <test-method signature="updatePlace()[pri:2, instance:mapTesting.MapAPI@29215f06]" started-at="2026-04-17T17:23:02 MYT" name="updatePlace" finished-at="2026-04-17T17:23:05 MYT" duration-ms="3354" status="PASS">
          <reporter-output>
          </reporter-output>
        </test-method> <!-- updatePlace -->
        <test-method signature="getPlace()[pri:3, instance:mapTesting.MapAPI@29215f06]" started-at="2026-04-17T17:23:05 MYT" name="getPlace" finished-at="2026-04-17T17:23:07 MYT" duration-ms="2241" status="PASS">
          <reporter-output>
          </reporter-output>
        </test-method> <!-- getPlace -->
      </class> <!-- mapTesting.MapAPI -->
    </test> <!-- Default test -->
  </suite> <!-- Default suite -->
</testng-results>
