<?xml version="1.0" encoding="UTF-8"?>
<!-- Generated by org.testng.reporters.JUnitXMLReporter -->
<testsuite ignored="0" hostname="21HW172208" failures="0" tests="3" name="Default test" time="8.535" errors="0" timestamp="2026-04-17T17:23:07 MYT">
  <testcase classname="mapTesting.MapAPI" name="addPlace" time="2.895"/>
  <testcase classname="mapTesting.MapAPI" name="updatePlace" time="3.354"/>
  <testcase classname="mapTesting.MapAPI" name="getPlace" time="2.241"/>
</testsuite> <!-- Default test -->
